AdsUnity2d/Library/Bee/Android/Prj/Mono2x/Gradle/launcher/build/intermediates/manifest_merge_blame_file/release/manifest-merger-blame-release-report.txt
1<?xml version="1.0" encoding="utf-8"?>
2<manifest xmlns:android="http://schemas.android.com/apk/res/android"
3    package="com.DefaultCompany.AdsUnity2d"
4    android:installLocation="preferExternal"
5    android:versionCode="1"
6    android:versionName="1.0" >
7
8    <uses-sdk
9        android:minSdkVersion="24"
9-->src\main\AndroidManifest.xml
10        android:targetSdkVersion="30" />
10-->src\main\AndroidManifest.xml
11
12    <supports-screens
12-->src\main\AndroidManifest.xml:3:3-163
13        android:anyDensity="true"
13-->src\main\AndroidManifest.xml:3:135-160
14        android:largeScreens="true"
14-->src\main\AndroidManifest.xml:3:78-105
15        android:normalScreens="true"
15-->src\main\AndroidManifest.xml:3:49-77
16        android:smallScreens="true"
16-->src\main\AndroidManifest.xml:3:21-48
17        android:xlargeScreens="true" />
17-->src\main\AndroidManifest.xml:3:106-134
18
19    <uses-feature android:glEsVersion="0x00030000" />
19-->[:unityLibrary] AndroidManifest.xml:12:5-54
19-->[:unityLibrary] AndroidManifest.xml:12:19-51
20    <uses-feature
20-->[:unityLibrary] AndroidManifest.xml:13:5-15:36
21        android:name="android.hardware.vulkan.version"
21-->[:unityLibrary] AndroidManifest.xml:14:9-55
22        android:required="false" />
22-->[:unityLibrary] AndroidManifest.xml:15:9-33
23
24    <uses-permission android:name="android.permission.INTERNET" />
24-->[:unityLibrary] AndroidManifest.xml:17:5-67
24-->[:unityLibrary] AndroidManifest.xml:17:22-64
25    <uses-permission android:name="android.permission.ACCESS_NETWORK_STATE" />
25-->[:unityLibrary] AndroidManifest.xml:18:5-79
25-->[:unityLibrary] AndroidManifest.xml:18:22-76
26
27    <uses-feature
27-->[:unityLibrary] AndroidManifest.xml:20:5-22:36
28        android:name="android.hardware.touchscreen"
28-->[:unityLibrary] AndroidManifest.xml:21:9-52
29        android:required="false" />
29-->[:unityLibrary] AndroidManifest.xml:22:9-33
30    <uses-feature
30-->[:unityLibrary] AndroidManifest.xml:23:5-25:36
31        android:name="android.hardware.touchscreen.multitouch"
31-->[:unityLibrary] AndroidManifest.xml:24:9-63
32        android:required="false" />
32-->[:unityLibrary] AndroidManifest.xml:25:9-33
33    <uses-feature
33-->[:unityLibrary] AndroidManifest.xml:26:5-28:36
34        android:name="android.hardware.touchscreen.multitouch.distinct"
34-->[:unityLibrary] AndroidManifest.xml:27:9-72
35        android:required="false" />
35-->[:unityLibrary] AndroidManifest.xml:28:9-33
36
37    <uses-permission android:name="com.google.android.gms.permission.AD_ID" /> <!-- Android package visibility setting -->
37-->[com.google.android.gms:play-services-ads-lite:22.0.0] AndroidManifest.xml:26:5-79
37-->[com.google.android.gms:play-services-ads-lite:22.0.0] AndroidManifest.xml:26:22-76
38    <queries>
38-->[com.google.android.gms:play-services-ads-lite:22.0.0] AndroidManifest.xml:32:5-48:15
39
40        <!-- For browser content -->
41        <intent>
41-->[com.google.android.gms:play-services-ads-lite:22.0.0] AndroidManifest.xml:35:9-41:18
42            <action android:name="android.intent.action.VIEW" />
42-->[com.google.android.gms:play-services-ads-lite:22.0.0] AndroidManifest.xml:36:13-65
42-->[com.google.android.gms:play-services-ads-lite:22.0.0] AndroidManifest.xml:36:21-62
43
44            <category android:name="android.intent.category.BROWSABLE" />
44-->[com.google.android.gms:play-services-ads-lite:22.0.0] AndroidManifest.xml:38:13-74
44-->[com.google.android.gms:play-services-ads-lite:22.0.0] AndroidManifest.xml:38:23-71
45
46            <data android:scheme="https" />
46-->[com.google.android.gms:play-services-ads-lite:22.0.0] AndroidManifest.xml:40:13-44
46-->[com.google.android.gms:play-services-ads-lite:22.0.0] AndroidManifest.xml:40:19-41
47        </intent>
48        <!-- End of browser content -->
49        <!-- For CustomTabsService -->
50        <intent>
50-->[com.google.android.gms:play-services-ads-lite:22.0.0] AndroidManifest.xml:35:9-41:18
51            <action android:name="android.support.customtabs.action.CustomTabsService" />
52        </intent>
53        <!-- End of CustomTabsService -->
54    </queries>
55
56    <uses-permission android:name="android.permission.WAKE_LOCK" />
56-->[com.google.android.gms:play-services-measurement-sdk-api:20.1.2] AndroidManifest.xml:25:5-68
56-->[com.google.android.gms:play-services-measurement-sdk-api:20.1.2] AndroidManifest.xml:25:22-65
57    <uses-permission android:name="android.permission.FOREGROUND_SERVICE" />
57-->[androidx.work:work-runtime:2.7.0] AndroidManifest.xml:28:5-77
57-->[androidx.work:work-runtime:2.7.0] AndroidManifest.xml:28:22-74
58
59    <application
59-->src\main\AndroidManifest.xml:4:3-83
60        android:appComponentFactory="androidx.core.app.CoreComponentFactory"
60-->[androidx.core:core:1.6.0] AndroidManifest.xml:24:18-86
61        android:extractNativeLibs="true"
61-->[:unityLibrary] AndroidManifest.xml:30:18-50
62        android:icon="@mipmap/app_icon"
62-->src\main\AndroidManifest.xml:4:49-80
63        android:label="@string/app_name" >
63-->src\main\AndroidManifest.xml:4:16-48
64        <activity
64-->[:unityLibrary] AndroidManifest.xml:31:9-51:20
65            android:name="com.unity3d.player.UnityPlayerActivity"
65-->[:unityLibrary] AndroidManifest.xml:32:13-66
66            android:configChanges="mcc|mnc|locale|touchscreen|keyboard|keyboardHidden|navigation|orientation|screenLayout|uiMode|screenSize|smallestScreenSize|fontScale|layoutDirection|density"
66-->[:unityLibrary] AndroidManifest.xml:33:13-194
67            android:hardwareAccelerated="false"
67-->[:unityLibrary] AndroidManifest.xml:34:13-48
68            android:launchMode="singleTask"
68-->[:unityLibrary] AndroidManifest.xml:35:13-44
69            android:resizeableActivity="false"
69-->[:unityLibrary] AndroidManifest.xml:36:13-47
70            android:screenOrientation="fullUser"
70-->[:unityLibrary] AndroidManifest.xml:37:13-49
71            android:theme="@style/UnityThemeSelector" >
71-->[:unityLibrary] AndroidManifest.xml:38:13-54
72            <intent-filter>
72-->[:unityLibrary] AndroidManifest.xml:39:13-43:29
73                <action android:name="android.intent.action.MAIN" />
73-->[:unityLibrary] AndroidManifest.xml:40:17-69
73-->[:unityLibrary] AndroidManifest.xml:40:25-66
74
75                <category android:name="android.intent.category.LAUNCHER" />
75-->[:unityLibrary] AndroidManifest.xml:42:17-77
75-->[:unityLibrary] AndroidManifest.xml:42:27-74
76            </intent-filter>
77
78            <meta-data
78-->[:unityLibrary] AndroidManifest.xml:45:13-47:40
79                android:name="unityplayer.UnityActivity"
79-->[:unityLibrary] AndroidManifest.xml:46:17-57
80                android:value="true" />
80-->[:unityLibrary] AndroidManifest.xml:47:17-37
81            <meta-data
81-->[:unityLibrary] AndroidManifest.xml:48:13-50:40
82                android:name="android.notch_support"
82-->[:unityLibrary] AndroidManifest.xml:49:17-53
83                android:value="true" />
83-->[:unityLibrary] AndroidManifest.xml:50:17-37
84        </activity>
85
86        <meta-data
86-->[:unityLibrary] AndroidManifest.xml:53:9-55:33
87            android:name="unity.splash-mode"
87-->[:unityLibrary] AndroidManifest.xml:54:13-45
88            android:value="0" />
88-->[:unityLibrary] AndroidManifest.xml:55:13-30
89        <meta-data
89-->[:unityLibrary] AndroidManifest.xml:56:9-58:36
90            android:name="unity.splash-enable"
90-->[:unityLibrary] AndroidManifest.xml:57:13-47
91            android:value="True" />
91-->[:unityLibrary] AndroidManifest.xml:58:13-33
92        <meta-data
92-->[:unityLibrary] AndroidManifest.xml:59:9-61:36
93            android:name="unity.launch-fullscreen"
93-->[:unityLibrary] AndroidManifest.xml:60:13-51
94            android:value="True" />
94-->[:unityLibrary] AndroidManifest.xml:61:13-33
95        <meta-data
95-->[:unityLibrary] AndroidManifest.xml:62:9-64:37
96            android:name="unity.allow-resizable-window"
96-->[:unityLibrary] AndroidManifest.xml:63:13-56
97            android:value="False" />
97-->[:unityLibrary] AndroidManifest.xml:64:13-34
98        <meta-data
98-->[:unityLibrary] AndroidManifest.xml:65:9-67:50
99            android:name="notch.config"
99-->[:unityLibrary] AndroidManifest.xml:66:13-40
100            android:value="portrait|landscape" /> <!-- Include the AdActivity and InAppPurchaseActivity configChanges and themes. -->
100-->[:unityLibrary] AndroidManifest.xml:67:13-47
101        <activity
101-->[com.google.android.gms:play-services-ads-lite:22.0.0] AndroidManifest.xml:53:9-58:43
102            android:name="com.google.android.gms.ads.AdActivity"
102-->[com.google.android.gms:play-services-ads-lite:22.0.0] AndroidManifest.xml:54:13-65
103            android:configChanges="keyboard|keyboardHidden|orientation|screenLayout|uiMode|screenSize|smallestScreenSize"
103-->[com.google.android.gms:play-services-ads-lite:22.0.0] AndroidManifest.xml:55:13-122
104            android:exported="false"
104-->[com.google.android.gms:play-services-ads-lite:22.0.0] AndroidManifest.xml:56:13-37
105            android:theme="@android:style/Theme.Translucent" />
105-->[com.google.android.gms:play-services-ads-lite:22.0.0] AndroidManifest.xml:57:13-61
106
107        <provider
107-->[com.google.android.gms:play-services-ads-lite:22.0.0] AndroidManifest.xml:60:9-65:43
108            android:name="com.google.android.gms.ads.MobileAdsInitProvider"
108-->[com.google.android.gms:play-services-ads-lite:22.0.0] AndroidManifest.xml:61:13-76
109            android:authorities="com.DefaultCompany.AdsUnity2d.mobileadsinitprovider"
109-->[com.google.android.gms:play-services-ads-lite:22.0.0] AndroidManifest.xml:62:13-73
110            android:exported="false"
110-->[com.google.android.gms:play-services-ads-lite:22.0.0] AndroidManifest.xml:63:13-37
111            android:initOrder="100" />
111-->[com.google.android.gms:play-services-ads-lite:22.0.0] AndroidManifest.xml:64:13-36
112
113        <service
113-->[com.google.android.gms:play-services-ads-lite:22.0.0] AndroidManifest.xml:67:9-71:43
114            android:name="com.google.android.gms.ads.AdService"
114-->[com.google.android.gms:play-services-ads-lite:22.0.0] AndroidManifest.xml:68:13-64
115            android:enabled="true"
115-->[com.google.android.gms:play-services-ads-lite:22.0.0] AndroidManifest.xml:69:13-35
116            android:exported="false" />
116-->[com.google.android.gms:play-services-ads-lite:22.0.0] AndroidManifest.xml:70:13-37
117
118        <activity
118-->[com.google.android.gms:play-services-ads-lite:22.0.0] AndroidManifest.xml:73:9-77:43
119            android:name="com.google.android.gms.ads.OutOfContextTestingActivity"
119-->[com.google.android.gms:play-services-ads-lite:22.0.0] AndroidManifest.xml:74:13-82
120            android:configChanges="keyboard|keyboardHidden|orientation|screenLayout|uiMode|screenSize|smallestScreenSize"
120-->[com.google.android.gms:play-services-ads-lite:22.0.0] AndroidManifest.xml:75:13-122
121            android:exported="false" />
121-->[com.google.android.gms:play-services-ads-lite:22.0.0] AndroidManifest.xml:76:13-37
122
123        <uses-library
123-->[:unityLibrary:GoogleMobileAdsPlugin.androidlib] AndroidManifest.xml:12:9-14:40
124            android:name="org.apache.http.legacy"
124-->[:unityLibrary:GoogleMobileAdsPlugin.androidlib] AndroidManifest.xml:13:13-50
125            android:required="false" />
125-->[:unityLibrary:GoogleMobileAdsPlugin.androidlib] AndroidManifest.xml:14:13-37
126
127        <meta-data
127-->[:unityLibrary:GoogleMobileAdsPlugin.androidlib] AndroidManifest.xml:16:9-18:70
128            android:name="com.google.android.gms.ads.APPLICATION_ID"
128-->[:unityLibrary:GoogleMobileAdsPlugin.androidlib] AndroidManifest.xml:17:13-69
129            android:value="ca-app-pub-3940256099942544~3347511713" />
129-->[:unityLibrary:GoogleMobileAdsPlugin.androidlib] AndroidManifest.xml:18:13-67
130        <meta-data
130-->[:unityLibrary:GoogleMobileAdsPlugin.androidlib] AndroidManifest.xml:19:9-21:36
131            android:name="com.google.android.gms.ads.DELAY_APP_MEASUREMENT_INIT"
131-->[:unityLibrary:GoogleMobileAdsPlugin.androidlib] AndroidManifest.xml:20:13-81
132            android:value="true" />
132-->[:unityLibrary:GoogleMobileAdsPlugin.androidlib] AndroidManifest.xml:21:13-33
133        <meta-data
133-->[:unityLibrary:GoogleMobileAdsPlugin.androidlib] AndroidManifest.xml:22:9-24:36
134            android:name="com.google.android.gms.ads.flag.OPTIMIZE_INITIALIZATION"
134-->[:unityLibrary:GoogleMobileAdsPlugin.androidlib] AndroidManifest.xml:23:13-83
135            android:value="true" />
135-->[:unityLibrary:GoogleMobileAdsPlugin.androidlib] AndroidManifest.xml:24:13-33
136        <meta-data
136-->[:unityLibrary:GoogleMobileAdsPlugin.androidlib] AndroidManifest.xml:25:9-27:36
137            android:name="com.google.android.gms.ads.flag.OPTIMIZE_AD_LOADING"
137-->[:unityLibrary:GoogleMobileAdsPlugin.androidlib] AndroidManifest.xml:26:13-79
138            android:value="true" />
138-->[:unityLibrary:GoogleMobileAdsPlugin.androidlib] AndroidManifest.xml:27:13-33
139
140        <activity
140-->[com.google.android.gms:play-services-base:18.0.0] AndroidManifest.xml:20:9-22:45
141            android:name="com.google.android.gms.common.api.GoogleApiActivity"
141-->[com.google.android.gms:play-services-base:18.0.0] AndroidManifest.xml:20:19-85
142            android:exported="false"
142-->[com.google.android.gms:play-services-base:18.0.0] AndroidManifest.xml:22:19-43
143            android:theme="@android:style/Theme.Translucent.NoTitleBar" />
143-->[com.google.android.gms:play-services-base:18.0.0] AndroidManifest.xml:21:19-78
144
145        <meta-data
145-->[com.google.android.gms:play-services-basement:18.0.0] AndroidManifest.xml:21:9-23:69
146            android:name="com.google.android.gms.version"
146-->[com.google.android.gms:play-services-basement:18.0.0] AndroidManifest.xml:22:13-58
147            android:value="@integer/google_play_services_version" />
147-->[com.google.android.gms:play-services-basement:18.0.0] AndroidManifest.xml:23:13-66
148
149        <provider
149-->[androidx.work:work-runtime:2.7.0] AndroidManifest.xml:31:9-39:20
150            android:name="androidx.startup.InitializationProvider"
150-->[androidx.work:work-runtime:2.7.0] AndroidManifest.xml:32:13-67
151            android:authorities="com.DefaultCompany.AdsUnity2d.androidx-startup"
151-->[androidx.work:work-runtime:2.7.0] AndroidManifest.xml:33:13-68
152            android:exported="false" >
152-->[androidx.work:work-runtime:2.7.0] AndroidManifest.xml:34:13-37
153            <meta-data
153-->[androidx.work:work-runtime:2.7.0] AndroidManifest.xml:36:13-38:52
154                android:name="androidx.work.WorkManagerInitializer"
154-->[androidx.work:work-runtime:2.7.0] AndroidManifest.xml:37:17-68
155                android:value="androidx.startup" />
155-->[androidx.work:work-runtime:2.7.0] AndroidManifest.xml:38:17-49
156        </provider>
157
158        <service
158-->[androidx.work:work-runtime:2.7.0] AndroidManifest.xml:41:9-46:35
159            android:name="androidx.work.impl.background.systemalarm.SystemAlarmService"
159-->[androidx.work:work-runtime:2.7.0] AndroidManifest.xml:42:13-88
160            android:directBootAware="false"
160-->[androidx.work:work-runtime:2.7.0] AndroidManifest.xml:43:13-44
161            android:enabled="@bool/enable_system_alarm_service_default"
161-->[androidx.work:work-runtime:2.7.0] AndroidManifest.xml:44:13-72
162            android:exported="false" />
162-->[androidx.work:work-runtime:2.7.0] AndroidManifest.xml:45:13-37
163        <service
163-->[androidx.work:work-runtime:2.7.0] AndroidManifest.xml:47:9-53:35
164            android:name="androidx.work.impl.background.systemjob.SystemJobService"
164-->[androidx.work:work-runtime:2.7.0] AndroidManifest.xml:48:13-84
165            android:directBootAware="false"
165-->[androidx.work:work-runtime:2.7.0] AndroidManifest.xml:49:13-44
166            android:enabled="@bool/enable_system_job_service_default"
166-->[androidx.work:work-runtime:2.7.0] AndroidManifest.xml:50:13-70
167            android:exported="true"
167-->[androidx.work:work-runtime:2.7.0] AndroidManifest.xml:51:13-36
168            android:permission="android.permission.BIND_JOB_SERVICE" />
168-->[androidx.work:work-runtime:2.7.0] AndroidManifest.xml:52:13-69
169        <service
169-->[androidx.work:work-runtime:2.7.0] AndroidManifest.xml:54:9-59:35
170            android:name="androidx.work.impl.foreground.SystemForegroundService"
170-->[androidx.work:work-runtime:2.7.0] AndroidManifest.xml:55:13-81
171            android:directBootAware="false"
171-->[androidx.work:work-runtime:2.7.0] AndroidManifest.xml:56:13-44
172            android:enabled="@bool/enable_system_foreground_service_default"
172-->[androidx.work:work-runtime:2.7.0] AndroidManifest.xml:57:13-77
173            android:exported="false" />
173-->[androidx.work:work-runtime:2.7.0] AndroidManifest.xml:58:13-37
174
175        <receiver
175-->[androidx.work:work-runtime:2.7.0] AndroidManifest.xml:61:9-66:35
176            android:name="androidx.work.impl.utils.ForceStopRunnable$BroadcastReceiver"
176-->[androidx.work:work-runtime:2.7.0] AndroidManifest.xml:62:13-88
177            android:directBootAware="false"
177-->[androidx.work:work-runtime:2.7.0] AndroidManifest.xml:63:13-44
178            android:enabled="true"
178-->[androidx.work:work-runtime:2.7.0] AndroidManifest.xml:64:13-35
179            android:exported="false" />
179-->[androidx.work:work-runtime:2.7.0] AndroidManifest.xml:65:13-37
180        <receiver
180-->[androidx.work:work-runtime:2.7.0] AndroidManifest.xml:67:9-77:20
181            android:name="androidx.work.impl.background.systemalarm.ConstraintProxy$BatteryChargingProxy"
181-->[androidx.work:work-runtime:2.7.0] AndroidManifest.xml:68:13-106
182            android:directBootAware="false"
182-->[androidx.work:work-runtime:2.7.0] AndroidManifest.xml:69:13-44
183            android:enabled="false"
183-->[androidx.work:work-runtime:2.7.0] AndroidManifest.xml:70:13-36
184            android:exported="false" >
184-->[androidx.work:work-runtime:2.7.0] AndroidManifest.xml:71:13-37
185            <intent-filter>
185-->[androidx.work:work-runtime:2.7.0] AndroidManifest.xml:73:13-76:29
186                <action android:name="android.intent.action.ACTION_POWER_CONNECTED" />
186-->[androidx.work:work-runtime:2.7.0] AndroidManifest.xml:74:17-87
186-->[androidx.work:work-runtime:2.7.0] AndroidManifest.xml:74:25-84
187                <action android:name="android.intent.action.ACTION_POWER_DISCONNECTED" />
187-->[androidx.work:work-runtime:2.7.0] AndroidManifest.xml:75:17-90
187-->[androidx.work:work-runtime:2.7.0] AndroidManifest.xml:75:25-87
188            </intent-filter>
189        </receiver>
190        <receiver
190-->[androidx.work:work-runtime:2.7.0] AndroidManifest.xml:78:9-88:20
191            android:name="androidx.work.impl.background.systemalarm.ConstraintProxy$BatteryNotLowProxy"
191-->[androidx.work:work-runtime:2.7.0] AndroidManifest.xml:79:13-104
192            android:directBootAware="false"
192-->[androidx.work:work-runtime:2.7.0] AndroidManifest.xml:80:13-44
193            android:enabled="false"
193-->[androidx.work:work-runtime:2.7.0] AndroidManifest.xml:81:13-36
194            android:exported="false" >
194-->[androidx.work:work-runtime:2.7.0] AndroidManifest.xml:82:13-37
195            <intent-filter>
195-->[androidx.work:work-runtime:2.7.0] AndroidManifest.xml:84:13-87:29
196                <action android:name="android.intent.action.BATTERY_OKAY" />
196-->[androidx.work:work-runtime:2.7.0] AndroidManifest.xml:85:17-77
196-->[androidx.work:work-runtime:2.7.0] AndroidManifest.xml:85:25-74
197                <action android:name="android.intent.action.BATTERY_LOW" />
197-->[androidx.work:work-runtime:2.7.0] AndroidManifest.xml:86:17-76
197-->[androidx.work:work-runtime:2.7.0] AndroidManifest.xml:86:25-73
198            </intent-filter>
199        </receiver>
200        <receiver
200-->[androidx.work:work-runtime:2.7.0] AndroidManifest.xml:89:9-99:20
201            android:name="androidx.work.impl.background.systemalarm.ConstraintProxy$StorageNotLowProxy"
201-->[androidx.work:work-runtime:2.7.0] AndroidManifest.xml:90:13-104
202            android:directBootAware="false"
202-->[androidx.work:work-runtime:2.7.0] AndroidManifest.xml:91:13-44
203            android:enabled="false"
203-->[androidx.work:work-runtime:2.7.0] AndroidManifest.xml:92:13-36
204            android:exported="false" >
204-->[androidx.work:work-runtime:2.7.0] AndroidManifest.xml:93:13-37
205            <intent-filter>
205-->[androidx.work:work-runtime:2.7.0] AndroidManifest.xml:95:13-98:29
206                <action android:name="android.intent.action.DEVICE_STORAGE_LOW" />
206-->[androidx.work:work-runtime:2.7.0] AndroidManifest.xml:96:17-83
206-->[androidx.work:work-runtime:2.7.0] AndroidManifest.xml:96:25-80
207                <action android:name="android.intent.action.DEVICE_STORAGE_OK" />
207-->[androidx.work:work-runtime:2.7.0] AndroidManifest.xml:97:17-82
207-->[androidx.work:work-runtime:2.7.0] AndroidManifest.xml:97:25-79
208            </intent-filter>
209        </receiver>
210        <receiver
210-->[androidx.work:work-runtime:2.7.0] AndroidManifest.xml:100:9-109:20
211            android:name="androidx.work.impl.background.systemalarm.ConstraintProxy$NetworkStateProxy"
211-->[androidx.work:work-runtime:2.7.0] AndroidManifest.xml:101:13-103
212            android:directBootAware="false"
212-->[androidx.work:work-runtime:2.7.0] AndroidManifest.xml:102:13-44
213            android:enabled="false"
213-->[androidx.work:work-runtime:2.7.0] AndroidManifest.xml:103:13-36
214            android:exported="false" >
214-->[androidx.work:work-runtime:2.7.0] AndroidManifest.xml:104:13-37
215            <intent-filter>
215-->[androidx.work:work-runtime:2.7.0] AndroidManifest.xml:106:13-108:29
216                <action android:name="android.net.conn.CONNECTIVITY_CHANGE" />
216-->[androidx.work:work-runtime:2.7.0] AndroidManifest.xml:107:17-79
216-->[androidx.work:work-runtime:2.7.0] AndroidManifest.xml:107:25-76
217            </intent-filter>
218        </receiver>
219        <receiver
219-->[androidx.work:work-runtime:2.7.0] AndroidManifest.xml:110:9-121:20
220            android:name="androidx.work.impl.background.systemalarm.RescheduleReceiver"
220-->[androidx.work:work-runtime:2.7.0] AndroidManifest.xml:111:13-88
221            android:directBootAware="false"
221-->[androidx.work:work-runtime:2.7.0] AndroidManifest.xml:112:13-44
222            android:enabled="false"
222-->[androidx.work:work-runtime:2.7.0] AndroidManifest.xml:113:13-36
223            android:exported="false" >
223-->[androidx.work:work-runtime:2.7.0] AndroidManifest.xml:114:13-37
224            <intent-filter>
224-->[androidx.work:work-runtime:2.7.0] AndroidManifest.xml:116:13-120:29
225                <action android:name="android.intent.action.BOOT_COMPLETED" />
225-->[androidx.work:work-runtime:2.7.0] AndroidManifest.xml:117:17-79
225-->[androidx.work:work-runtime:2.7.0] AndroidManifest.xml:117:25-76
226                <action android:name="android.intent.action.TIME_SET" />
226-->[androidx.work:work-runtime:2.7.0] AndroidManifest.xml:118:17-73
226-->[androidx.work:work-runtime:2.7.0] AndroidManifest.xml:118:25-70
227                <action android:name="android.intent.action.TIMEZONE_CHANGED" />
227-->[androidx.work:work-runtime:2.7.0] AndroidManifest.xml:119:17-81
227-->[androidx.work:work-runtime:2.7.0] AndroidManifest.xml:119:25-78
228            </intent-filter>
229        </receiver>
230        <receiver
230-->[androidx.work:work-runtime:2.7.0] AndroidManifest.xml:122:9-131:20
231            android:name="androidx.work.impl.background.systemalarm.ConstraintProxyUpdateReceiver"
231-->[androidx.work:work-runtime:2.7.0] AndroidManifest.xml:123:13-99
232            android:directBootAware="false"
232-->[androidx.work:work-runtime:2.7.0] AndroidManifest.xml:124:13-44
233            android:enabled="@bool/enable_system_alarm_service_default"
233-->[androidx.work:work-runtime:2.7.0] AndroidManifest.xml:125:13-72
234            android:exported="false" >
234-->[androidx.work:work-runtime:2.7.0] AndroidManifest.xml:126:13-37
235            <intent-filter>
235-->[androidx.work:work-runtime:2.7.0] AndroidManifest.xml:128:13-130:29
236                <action android:name="androidx.work.impl.background.systemalarm.UpdateProxies" />
236-->[androidx.work:work-runtime:2.7.0] AndroidManifest.xml:129:17-98
236-->[androidx.work:work-runtime:2.7.0] AndroidManifest.xml:129:25-95
237            </intent-filter>
238        </receiver>
239        <receiver
239-->[androidx.work:work-runtime:2.7.0] AndroidManifest.xml:132:9-142:20
240            android:name="androidx.work.impl.diagnostics.DiagnosticsReceiver"
240-->[androidx.work:work-runtime:2.7.0] AndroidManifest.xml:133:13-78
241            android:directBootAware="false"
241-->[androidx.work:work-runtime:2.7.0] AndroidManifest.xml:134:13-44
242            android:enabled="true"
242-->[androidx.work:work-runtime:2.7.0] AndroidManifest.xml:135:13-35
243            android:exported="true"
243-->[androidx.work:work-runtime:2.7.0] AndroidManifest.xml:136:13-36
244            android:permission="android.permission.DUMP" >
244-->[androidx.work:work-runtime:2.7.0] AndroidManifest.xml:137:13-57
245            <intent-filter>
245-->[androidx.work:work-runtime:2.7.0] AndroidManifest.xml:139:13-141:29
246                <action android:name="androidx.work.diagnostics.REQUEST_DIAGNOSTICS" />
246-->[androidx.work:work-runtime:2.7.0] AndroidManifest.xml:140:17-88
246-->[androidx.work:work-runtime:2.7.0] AndroidManifest.xml:140:25-85
247            </intent-filter>
248        </receiver>
249
250        <service
250-->[androidx.room:room-runtime:2.2.5] AndroidManifest.xml:25:9-28:40
251            android:name="androidx.room.MultiInstanceInvalidationService"
251-->[androidx.room:room-runtime:2.2.5] AndroidManifest.xml:26:13-74
252            android:directBootAware="true"
252-->[androidx.room:room-runtime:2.2.5] AndroidManifest.xml:27:13-43
253            android:exported="false" />
253-->[androidx.room:room-runtime:2.2.5] AndroidManifest.xml:28:13-37
254    </application>
255
256</manifest>